0 info it worked if it ends with ok
1 verbose cli [ '/usr/local/Cellar/node/7.7.1/bin/node',
1 verbose cli   '/usr/local/bin/npm',
1 verbose cli   'run',
1 verbose cli   'start-all' ]
2 info using npm@4.1.2
3 info using node@v7.7.1
4 verbose run-script [ 'prestart-all', 'start-all', 'poststart-all' ]
5 info lifecycle hsbc_test@1.0.0~prestart-all: hsbc_test@1.0.0
6 silly lifecycle hsbc_test@1.0.0~prestart-all: no script for prestart-all, continuing
7 info lifecycle hsbc_test@1.0.0~start-all: hsbc_test@1.0.0
8 verbose lifecycle hsbc_test@1.0.0~start-all: unsafe-perm in lifecycle true
9 verbose lifecycle hsbc_test@1.0.0~start-all: PATH: /usr/local/lib/node_modules/npm/bin/node-gyp-bin:/Users/zzkuang/Documents/hsbc_test/node_modules/.bin:/usr/local/bin:/usr/bin:/bin:/usr/sbin:/sbin:/Library/TeX/texbin
10 verbose lifecycle hsbc_test@1.0.0~start-all: CWD: /Users/zzkuang/Documents/hsbc_test
11 silly lifecycle hsbc_test@1.0.0~start-all: Args: [ '-c',
11 silly lifecycle   'node ./predict-api/server && node ./transaction-api/server' ]
12 silly lifecycle hsbc_test@1.0.0~start-all: Returned: code: 1  signal: null
13 info lifecycle hsbc_test@1.0.0~start-all: Failed to exec start-all script
14 verbose stack Error: hsbc_test@1.0.0 start-all: `node ./predict-api/server && node ./transaction-api/server`
14 verbose stack Exit status 1
14 verbose stack     at EventEmitter.<anonymous> (/usr/local/lib/node_modules/npm/lib/utils/lifecycle.js:279:16)
14 verbose stack     at emitTwo (events.js:106:13)
14 verbose stack     at EventEmitter.emit (events.js:194:7)
14 verbose stack     at ChildProcess.<anonymous> (/usr/local/lib/node_modules/npm/lib/utils/spawn.js:40:14)
14 verbose stack     at emitTwo (events.js:106:13)
14 verbose stack     at ChildProcess.emit (events.js:194:7)
14 verbose stack     at maybeClose (internal/child_process.js:899:16)
14 verbose stack     at Process.ChildProcess._handle.onexit (internal/child_process.js:226:5)
15 verbose pkgid hsbc_test@1.0.0
16 verbose cwd /Users/zzkuang/Documents/hsbc_test
17 error Darwin 15.6.0
18 error argv "/usr/local/Cellar/node/7.7.1/bin/node" "/usr/local/bin/npm" "run" "start-all"
19 error node v7.7.1
20 error npm  v4.1.2
21 error code ELIFECYCLE
22 error hsbc_test@1.0.0 start-all: `node ./predict-api/server && node ./transaction-api/server`
22 error Exit status 1
23 error Failed at the hsbc_test@1.0.0 start-all script 'node ./predict-api/server && node ./transaction-api/server'.
23 error Make sure you have the latest version of node.js and npm installed.
23 error If you do, this is most likely a problem with the hsbc_test package,
23 error not with npm itself.
23 error Tell the author that this fails on your system:
23 error     node ./predict-api/server && node ./transaction-api/server
23 error You can get information on how to open an issue for this project with:
23 error     npm bugs hsbc_test
23 error Or if that isn't available, you can get their info via:
23 error     npm owner ls hsbc_test
23 error There is likely additional logging output above.
24 verbose exit [ 1, true ]
